<?xml version="1.0" encoding="UTF-8"?>
<!-- Generated by org.testng.reporters.JUnitReportReporter -->
<testsuite skipped="0" hostname="shubhagg-mac" name="restAssuredApi.BasicAuth" tests="2" failures="0" timestamp="2022-03-23T11:21:37 IST" time="5.405" errors="0">
  <testcase name="loginBasicAuth" time="3.782" classname="restAssuredApi.BasicAuth"/>
  <testcase name="loginWithBase" time="1.623" classname="restAssuredApi.BasicAuth"/>
</testsuite> <!-- restAssuredApi.BasicAuth -->
