<?xml version="1.0" encoding="UTF-8"?>
<!-- Generated by org.testng.reporters.JUnitReportReporter -->
<testsuite skipped="0" hostname="shubhagg-mac" name="restAssuredApi.GetAPI" tests="1" failures="0" timestamp="2022-07-04T16:29:33 IST" time="2.222" errors="0">
  <testcase name="getUsers2" time="2.222" classname="restAssuredApi.GetAPI"/>
</testsuite> <!-- restAssuredApi.GetAPI -->
