<?xml version="1.0" encoding="UTF-8"?>
<!-- Generated by org.testng.reporters.JUnitReportReporter -->
<testsuite skipped="0" hostname="shubhagg-mac" name="restAssuredApi.PostAPi" tests="1" failures="0" timestamp="2022-03-22T15:02:57 IST" time="2.604" errors="0">
  <testcase name="createUser" time="2.604" classname="restAssuredApi.PostAPi"/>
</testsuite> <!-- restAssuredApi.PostAPi -->
